e:\..kỹ thuật lập trình\vs\accept\accept\debug\accept.pch
e:\..kỹ thuật lập trình\vs\accept\accept\debug\vc140.pdb
e:\..kỹ thuật lập trình\vs\accept\accept\debug\vc140.idb
e:\..kỹ thuật lập trình\vs\accept\accept\debug\stdafx.obj
e:\..kỹ thuật lập trình\vs\accept\accept\debug\accept.obj
c:\users\ductam\google drive\vs\accept\accept\debug\accept.pch
c:\users\ductam\google drive\vs\accept\accept\debug\vc140.pdb
c:\users\ductam\google drive\vs\accept\accept\debug\vc140.idb
c:\users\ductam\google drive\vs\accept\accept\debug\stdafx.obj
c:\users\ductam\google drive\vs\accept\accept\debug\accept.obj
e:\..kỹ thuật lập trình\vs\accept\debug\accept.ilk
e:\..kỹ thuật lập trình\vs\accept\debug\accept.exe
e:\..kỹ thuật lập trình\vs\accept\debug\accept.pdb
c:\users\ductam\google drive\vs\accept\accept\debug\accept.obj.enc
c:\users\ductam\google drive\vs\accept\debug\accept.pdb
c:\users\ductam\google drive\vs\accept\debug\accept.exe
c:\users\ductam\google drive\vs\accept\debug\accept.ilk
c:\users\ductam\google drive\vs\accept\accept\debug\accept.tlog\cl.command.1.tlog
c:\users\ductam\google drive\vs\accept\accept\debug\accept.tlog\cl.read.1.tlog
c:\users\ductam\google drive\vs\accept\accept\debug\accept.tlog\cl.write.1.tlog
c:\users\ductam\google drive\vs\accept\accept\debug\accept.tlog\link.command.1.tlog
c:\users\ductam\google drive\vs\accept\accept\debug\accept.tlog\link.read.1.tlog
c:\users\ductam\google drive\vs\accept\accept\debug\accept.tlog\link.write.1.tlog
